Running simulation on cluster...
-- FreeFem++ v4.14 (Mon Dec 25 14:16:42 UTC 2023 - git v4.14)
   file : test.edp
 Load: lg_fem lg_mesh lg_mesh3 eigenvalue parallelempi 
    1 : func string[int] readConfig(string filename){
    2 :   string[int] config(0);
    3 :   string line;
    4 :   int cnt = 0;
    5 :   ifstream f(filename);
    6 :   getline(f, line);// header
    7 :   while(f.good()){
    8 :     getline(f, line);
    9 :     if(line == "") continue;
   10 :     config.resize(cnt+1);
   11 :     config[cnt] = line;
   12 :     cnt++;
   13 :   }
   14 :   return config;
   15 : }
   16 : 
   17 : string[int] test = readConfig("/home/aarifi/Projects/Capacitance/data/config/tes
  ... : t.csv");
   18 : cout << test[1] << endl; sizestack + 1024 =1464  ( 440 )

icoSphere,1,6.0,-6.0,-6.0,1,2.0,1.0,1.0
times: compile 0.012577s, execution 0.002129s,  mpirank:0
 CodeAlloc : nb ptr  4111,  size :554792 mpirank: 0
Ok: Normal End
